<?xml version="1.0" encoding="UTF-8"?>
<testng-results skipped="0" failed="0" ignored="0" total="1" passed="1">
  <reporter-output>
  </reporter-output>
  <suite name="Default suite" duration-ms="10358" started-at="2019-03-06T08:02:25Z" finished-at="2019-03-06T08:02:35Z">
    <groups>
    </groups>
    <test name="Default test" duration-ms="10358" started-at="2019-03-06T08:02:25Z" finished-at="2019-03-06T08:02:35Z">
      <class name="TestFunctions.SearchTest">
        <test-method status="PASS" signature="preCondition()[pri:0, instance:TestFunctions.SearchTest@2b98378d]" name="preCondition" is-config="true" duration-ms="10178" started-at="2019-03-06T13:32:25Z" finished-at="2019-03-06T13:32:35Z">
          <reporter-output>
          </reporter-output>
        </test-method> <!-- preCondition -->
        <test-method status="PASS" signature="SearchText()[pri:0, instance:TestFunctions.SearchTest@2b98378d]" name="SearchText" duration-ms="164" started-at="2019-03-06T13:32:35Z" finished-at="2019-03-06T13:32:35Z">
          <reporter-output>
          </reporter-output>
        </test-method> <!-- SearchText -->
      </class> <!-- TestFunctions.SearchTest -->
    </test> <!-- Default test -->
  </suite> <!-- Default suite -->
</testng-results>
